<?xml version="1.0" encoding="UTF-8"?>
<testng-results skipped="0" failed="1" total="1" passed="0">
  <reporter-output>
  </reporter-output>
  <suite name="Default suite" duration-ms="22171" started-at="2015-02-09T16:45:27Z" finished-at="2015-02-09T16:45:49Z">
    <groups>
    </groups>
    <test name="Default test" duration-ms="22171" started-at="2015-02-09T16:45:27Z" finished-at="2015-02-09T16:45:49Z">
      <class name="com.balfour.sb4.unittests.RequestPwordEmail_Test">
        <test-method status="PASS" signature="setup()[pri:0, instance:com.balfour.sb4.unittests.RequestPwordEmail_Test@4c331059]" name="setup" is-config="true" duration-ms="4878" started-at="2015-02-09T10:45:22Z" finished-at="2015-02-09T10:45:27Z">
          <reporter-output>
          </reporter-output>
        </test-method> <!-- setup -->
        <test-method status="PASS" signature="testSetUp()[pri:0, instance:com.balfour.sb4.unittests.RequestPwordEmail_Test@4c331059]" name="testSetUp" is-config="true" duration-ms="5808" started-at="2015-02-09T10:45:27Z" finished-at="2015-02-09T10:45:33Z">
          <reporter-output>
          </reporter-output>
        </test-method> <!-- testSetUp -->
        <test-method status="FAIL" signature="requestPwordEmail_Test()[pri:0, instance:com.balfour.sb4.unittests.RequestPwordEmail_Test@4c331059]" name="requestPwordEmail_Test" duration-ms="16353" started-at="2015-02-09T10:45:33Z" finished-at="2015-02-09T10:45:49Z">
          <exception class="java.lang.RuntimeException">
            <message>
              <![CDATA[file not present]]>
            </message>
            <full-stacktrace>
              <![CDATA[java.lang.RuntimeException: file not present
	at com.balfour.publishing.qa.pages.sb4.SshUtil.lsFile(SshUtil.java:84)
	at com.balfour.publishing.qa.pages.sb4.Sb4LoginPage.chkEmailLogFile(Sb4LoginPage.java:159)
	at com.balfour.sb4.unittests.RequestPwordEmail_Test.requestPwordEmail_Test(RequestPwordEmail_Test.java:55)
	at sun.reflect.NativeMethodAccessorImpl.invoke0(Native Method)
	at sun.reflect.NativeMethodAccessorImpl.invoke(NativeMethodAccessorImpl.java:39)
	at sun.reflect.DelegatingMethodAccessorImpl.invoke(DelegatingMethodAccessorImpl.java:25)
	at java.lang.reflect.Method.invoke(Method.java:597)
	at org.testng.internal.MethodInvocationHelper.invokeMethod(MethodInvocationHelper.java:84)
	at org.testng.internal.Invoker.invokeMethod(Invoker.java:714)
	at org.testng.internal.Invoker.invokeTestMethod(Invoker.java:901)
	at org.testng.internal.Invoker.invokeTestMethods(Invoker.java:1231)
	at org.testng.internal.TestMethodWorker.invokeTestMethods(TestMethodWorker.java:127)
	at org.testng.internal.TestMethodWorker.run(TestMethodWorker.java:111)
	at org.testng.TestRunner.privateRun(TestRunner.java:767)
	at org.testng.TestRunner.run(TestRunner.java:617)
	at org.testng.SuiteRunner.runTest(SuiteRunner.java:334)
	at org.testng.SuiteRunner.runSequentially(SuiteRunner.java:329)
	at org.testng.SuiteRunner.privateRun(SuiteRunner.java:291)
	at org.testng.SuiteRunner.run(SuiteRunner.java:240)
	at org.testng.SuiteRunnerWorker.runSuite(SuiteRunnerWorker.java:52)
	at org.testng.SuiteRunnerWorker.run(SuiteRunnerWorker.java:86)
	at org.testng.TestNG.runSuitesSequentially(TestNG.java:1224)
	at org.testng.TestNG.runSuitesLocally(TestNG.java:1149)
	at org.testng.TestNG.run(TestNG.java:1057)
	at org.testng.remote.RemoteTestNG.run(RemoteTestNG.java:111)
	at org.testng.remote.RemoteTestNG.initAndRun(RemoteTestNG.java:204)
	at org.testng.remote.RemoteTestNG.main(RemoteTestNG.java:175)
]]>
            </full-stacktrace>
          </exception> <!-- java.lang.RuntimeException -->
          <reporter-output>
          </reporter-output>
        </test-method> <!-- requestPwordEmail_Test -->
        <test-method status="PASS" signature="teardown()[pri:0, instance:com.balfour.sb4.unittests.RequestPwordEmail_Test@4c331059]" name="teardown" is-config="true" duration-ms="2140" started-at="2015-02-09T10:45:49Z" finished-at="2015-02-09T10:45:51Z">
          <reporter-output>
          </reporter-output>
        </test-method> <!-- teardown -->
      </class> <!-- com.balfour.sb4.unittests.RequestPwordEmail_Test -->
    </test> <!-- Default test -->
  </suite> <!-- Default suite -->
</testng-results>
